{"name": "test_message_disappeared_after_adding_product_to_basket", "status": "skipped", "statusDetails": {"message": "XFAIL\n\nAssertionError: Success message is presented, but should not be", "trace": "self = <module_5.test_product_page.TestProductPage object at 0x107ecb220>\nbrowser = <selenium.webdriver.chrome.webdriver.WebDriver (session=\"dd1487f74ee9378738302dc8d4587f29\")>\n\n    @pytest.mark.xfail\n    def test_message_disappeared_after_adding_product_to_basket(self, browser):\n        product_page = ProductPage(browser, link)\n        product_page.open()\n        product_page.add_to_basket()\n>       product_page.should_success_message_dissapear()\n\ntest_product_page.py:55: \n_ _ _ _ _ _ _ _ _ _ _ _ _ _ _ _ _ _ _ _ _ _ _ _ _ _ _ _ _ _ _ _ _ _ _ _ _ _ _ _ _ _ _ _ _ _ _ _ _ _ _ _ _ _ _ _ _ _ _ \n\nself = <module_5.pages.product_page.ProductPage object at 0x1086c0130>\n\n    def should_success_message_dissapear(self):\n>       assert self.is_disappeared(*ProductPageLocators.SUCCESS_MESSAGE), \\\n          \"Success message is presented, but should not be\"\nE       AssertionError: Success message is presented, but should not be\n\npages/product_page.py:68: AssertionError"}, "attachments": [{"name": "stdout", "source": "2fe325ff-779a-485b-9ac5-016db7a33e92-attachment.txt", "type": "text/plain"}], "start": 1623617125932, "stop": 1623617133369, "uuid": "49117296-309c-4804-89e1-3a3fbdc8bbd7", "historyId": "00be33377795fb724b903c2887a23a71", "testCaseId": "fa25c69e3b5587acb9c7c5cae86c7e1a", "fullName": "test_product_page.TestProductPage#test_message_disappeared_after_adding_product_to_basket", "labels": [{"name": "tag", "value": "@pytest.mark.xfail"}, {"name": "suite", "value": "test_product_page"}, {"name": "subSuite", "value": "TestProductPage"}, {"name": "host", "value": "MacBook-Pro-Alexander-2.local"}, {"name": "thread", "value": "36783-MainThread"}, {"name": "framework", "value": "pytest"}, {"name": "language", "value": "cpython3"}, {"name": "package", "value": "test_product_page"}]}