{
  "uid" : "118ba47adfa69b0b",
  "name" : "test_guest_cant_see_success_message_after_adding_product_to_basket",
  "fullName" : "test_product_page.TestProductPage#test_guest_cant_see_success_message_after_adding_product_to_basket",
  "historyId" : "207f3e681c61281b70a910743494f82c",
  "time" : {
    "start" : 1623617103065,
    "stop" : 1623617108088,
    "duration" : 5023
  },
  "status" : "skipped",
  "statusMessage" : "XFAIL\n\nAssertionError: Success message is presented, but should not be",
  "statusTrace" : "self = <module_5.test_product_page.TestProductPage object at 0x1085e4c70>\nbrowser = <selenium.webdriver.chrome.webdriver.WebDriver (session=\"b6ceec14568d2eca175d22994404762b\")>\n\n    @pytest.mark.xfail\n    def test_guest_cant_see_success_message_after_adding_product_to_basket(self, browser):\n        product_page = ProductPage(browser, link)\n        product_page.open()\n        product_page.add_to_basket()\n>       product_page.should_not_see_success_message()\n\ntest_product_page.py:43: \n_ _ _ _ _ _ _ _ _ _ _ _ _ _ _ _ _ _ _ _ _ _ _ _ _ _ _ _ _ _ _ _ _ _ _ _ _ _ _ _ _ _ _ _ _ _ _ _ _ _ _ _ _ _ _ _ _ _ _ \n\nself = <module_5.pages.product_page.ProductPage object at 0x108701d30>\n\n    def should_not_see_success_message(self):\n>       assert self.is_not_element_present(*ProductPageLocators.SUCCESS_MESSAGE), \\\n          \"Success message is presented, but should not be\"\nE       AssertionError: Success message is presented, but should not be\n\npages/product_page.py:64: AssertionError",
  "flaky" : false,
  "newFailed" : false,
  "beforeStages" : [ {
    "name" : "browser",
    "time" : {
      "start" : 1623617100893,
      "stop" : 1623617103049,
      "duration" : 2156
    },
    "status" : "passed",
    "steps" : [ ],
    "attachments" : [ ],
    "parameters" : [ ],
    "attachmentsCount" : 0,
    "shouldDisplayMessage" : false,
    "hasContent" : false,
    "stepsCount" : 0
  } ],
  "testStage" : {
    "status" : "skipped",
    "statusMessage" : "XFAIL\n\nAssertionError: Success message is presented, but should not be",
    "statusTrace" : "self = <module_5.test_product_page.TestProductPage object at 0x1085e4c70>\nbrowser = <selenium.webdriver.chrome.webdriver.WebDriver (session=\"b6ceec14568d2eca175d22994404762b\")>\n\n    @pytest.mark.xfail\n    def test_guest_cant_see_success_message_after_adding_product_to_basket(self, browser):\n        product_page = ProductPage(browser, link)\n        product_page.open()\n        product_page.add_to_basket()\n>       product_page.should_not_see_success_message()\n\ntest_product_page.py:43: \n_ _ _ _ _ _ _ _ _ _ _ _ _ _ _ _ _ _ _ _ _ _ _ _ _ _ _ _ _ _ _ _ _ _ _ _ _ _ _ _ _ _ _ _ _ _ _ _ _ _ _ _ _ _ _ _ _ _ _ \n\nself = <module_5.pages.product_page.ProductPage object at 0x108701d30>\n\n    def should_not_see_success_message(self):\n>       assert self.is_not_element_present(*ProductPageLocators.SUCCESS_MESSAGE), \\\n          \"Success message is presented, but should not be\"\nE       AssertionError: Success message is presented, but should not be\n\npages/product_page.py:64: AssertionError",
    "steps" : [ ],
    "attachments" : [ {
      "uid" : "5d59e894204abb7f",
      "name" : "stdout",
      "source" : "5d59e894204abb7f.txt",
      "type" : "text/plain",
      "size" : 49
    } ],
    "parameters" : [ ],
    "attachmentsCount" : 1,
    "shouldDisplayMessage" : true,
    "hasContent" : true,
    "stepsCount" : 0
  },
  "afterStages" : [ {
    "name" : "browser::0",
    "time" : {
      "start" : 1623617108109,
      "stop" : 1623617108181,
      "duration" : 72
    },
    "status" : "passed",
    "steps" : [ ],
    "attachments" : [ ],
    "parameters" : [ ],
    "attachmentsCount" : 0,
    "shouldDisplayMessage" : false,
    "hasContent" : false,
    "stepsCount" : 0
  } ],
  "labels" : [ {
    "name" : "tag",
    "value" : "@pytest.mark.xfail"
  }, {
    "name" : "suite",
    "value" : "test_product_page"
  }, {
    "name" : "subSuite",
    "value" : "TestProductPage"
  }, {
    "name" : "host",
    "value" : "MacBook-Pro-Alexander-2.local"
  }, {
    "name" : "thread",
    "value" : "36783-MainThread"
  }, {
    "name" : "framework",
    "value" : "pytest"
  }, {
    "name" : "language",
    "value" : "cpython3"
  }, {
    "name" : "package",
    "value" : "test_product_page"
  }, {
    "name" : "resultFormat",
    "value" : "allure2"
  } ],
  "parameters" : [ ],
  "links" : [ ],
  "hidden" : false,
  "retry" : false,
  "extra" : {
    "severity" : "normal",
    "retries" : [ ],
    "categories" : [ ],
    "tags" : [ "@pytest.mark.xfail" ]
  },
  "source" : "118ba47adfa69b0b.json",
  "parameterValues" : [ ]
}